<?xml version="1.0" encoding="UTF-8"?>
<testng-results ignored="0" total="1" passed="1" failed="0" skipped="0">
  <reporter-output>
  </reporter-output>
  <suite started-at="2020-10-01T09:12:16Z" name="Default suite" finished-at="2020-10-01T09:13:00Z" duration-ms="43881">
    <groups>
    </groups>
    <test started-at="2020-10-01T09:12:16Z" name="Default test" finished-at="2020-10-01T09:13:00Z" duration-ms="43881">
      <class name="gittigidiyorSearchandFilter.MediaMarkt">
        <test-method signature="f()[pri:0, instance:gittigidiyorSearchandFilter.MediaMarkt@3ee0fea4]" started-at="2020-10-01T09:12:17Z" name="f" finished-at="2020-10-01T09:13:00Z" duration-ms="43518" status="PASS">
          <reporter-output>
          </reporter-output>
        </test-method> <!-- f -->
      </class> <!-- gittigidiyorSearchandFilter.MediaMarkt -->
    </test> <!-- Default test -->
  </suite> <!-- Default suite -->
</testng-results>
